Loading cost model from: costs/add-expensive.rkt
=== Optimization with Custom Cost Model ===
Program: programs/alternatives/single/add_copy.s
Original code:
add x2, x1, x0
Original cost: 1000
Using custom cost model
Running optimization for 120 seconds...
solver = #<z3>
Code is register-only - using minimal memory size.
Finalize memory size 2
Generate inputs (fast).
>>> Finish generating inputs outputs at 0 s.
>>> start MCMC sampling
>>> Phase 3: stochastic search
start-program:
add x2, x1, x0
NEW! best-correct-program
output:
nop 
(time 0)
FOUND!!!

Optimized code found:
