rm: cannot remove 'alternatives-all/andi': No such file or directory
Loading cost model from: costs/andi-expensive.rkt
=== Optimization with Custom Cost Model ===
Program: programs/alternatives/single/andi.s
Original code:
andi x2, x1, 100
Original cost: 1000
Using custom cost model with 4 cores
Running optimization for 120 seconds with 4 cores...
SEACH TYPE: stoch size=#f
>>> select code:
andi x2, x1, 100
>>> live-out-org: #(#(#f #f #f #f) #f)
>>> machine-config: 3
>>> live-out: #(#(#f #f #f #f) #f)
(map-back #f)
>>> compressed-code:
andi x2, x1, 100
>>> machine-config: 3
>>> live-out: #(#(#f #f #f #f) #f)
OPTIMIZE-PARTIAL from = 0, to = 1
>>> original cost: 1000

SEARCH INSTANCES
----------------
stoch:	4 instances
sym:	0 instances
enum:	0 instances


Error: print stat
current-time:	10
driver-0 is dead.
driver-1 is dead.
driver-2 is dead.
driver-3 is dead.
Error: print stat
current-time:	20
driver-0 is dead.
driver-1 is dead.
driver-2 is dead.
driver-3 is dead.
Error: print stat
current-time:	30
driver-0 is dead.
driver-1 is dead.
driver-2 is dead.
driver-3 is dead.
Error: print stat
current-time:	40
driver-0 is dead.
driver-1 is dead.
driver-2 is dead.
driver-3 is dead.
Error: print stat
current-time:	50
driver-0 is dead.
driver-1 is dead.
driver-2 is dead.
driver-3 is dead.
Error: print stat
current-time:	60
driver-0 is dead.
driver-1 is dead.
driver-2 is dead.
driver-3 is dead.
Error: print stat
current-time:	70
driver-0 is dead.
driver-1 is dead.
driver-2 is dead.
driver-3 is dead.
Error: print stat
current-time:	80
driver-0 is dead.
driver-1 is dead.
driver-2 is dead.
driver-3 is dead.
Error: print stat
current-time:	90
driver-0 is dead.
driver-1 is dead.
driver-2 is dead.
driver-3 is dead.
Error: print stat
current-time:	100
driver-0 is dead.
driver-1 is dead.
driver-2 is dead.
driver-3 is dead.
Error: print stat
current-time:	110
Error: print stat
current-time:	120

OUTPUT
------
andi x2, x1, 100

Optimized code found:

Optimization completed. Check output directory for results.
Output directory: alternatives-all/andi
